Watching for file changes with StatReloader
Waiting for apps ready_event.
Watching for file changes with StatReloader
Waiting for apps ready_event.
Watching for file changes with StatReloader
Waiting for apps ready_event.
Watching for file changes with StatReloader
Waiting for apps ready_event.
Watching for file changes with StatReloader
Waiting for apps ready_event.
Watching for file changes with StatReloader
Waiting for apps ready_event.
Watching for file changes with StatReloader
Waiting for apps ready_event.
Watching for file changes with StatReloader
Waiting for apps ready_event.
Watching for file changes with StatReloader
Waiting for apps ready_event.
Watching for file changes with StatReloader
Waiting for apps ready_event.
Watching for file changes with StatReloader
Waiting for apps ready_event.
Apps ready_event triggered. Sending autoreload_started signal.
Watching dir C:\Users\getto\OneDrive\Desktop\CompSci Tech_INTERN\CompSciTech_INTERN\calcy_final\templates with glob **/*.
Watching dir C:\Users\getto\OneDrive\Desktop\CompSci Tech_INTERN\CompSciTech_INTERN\calcy_final\locale with glob **/*.mo.
Watching dir C:\Users\getto\OneDrive\Desktop\CompSci Tech_INTERN\CompSciTech_INTERN\calcy_final\calculator\locale with glob **/*.mo.
File C:\Users\getto\AppData\Local\Programs\Python\Python312\Lib\site-packages\django\core\handlers\wsgi.py first seen with mtime 1713848092.6469748
File C:\Users\getto\AppData\Local\Programs\Python\Python312\Lib\site-packages\django\contrib\sites\requests.py first seen with mtime 1713848092.2968552
File C:\Users\getto\AppData\Local\Programs\Python\Python312\Lib\site-packages\django\forms\boundfield.py first seen with mtime 1713848092.8157322
File C:\Users\getto\AppData\Local\Programs\Python\Python312\Lib\zoneinfo\_common.py first seen with mtime 1707237618.0
File C:\Users\getto\AppData\Local\Programs\Python\Python312\Lib\site-packages\django\shortcuts.py first seen with mtime 1713848088.8233938
File C:\Users\getto\AppData\Local\Programs\Python\Python312\Lib\site-packages\django\views\generic\base.py first seen with mtime 1713848093.0347085
File C:\Users\getto\AppData\Local\Programs\Python\Python312\Lib\site-packages\django\template\loader.py first seen with mtime 1713848092.9296033
File C:\Users\getto\AppData\Local\Programs\Python\Python312\Lib\site-packages\sqlparse\filters\right_margin.py first seen with mtime 1713848088.2190971
File C:\Users\getto\AppData\Local\Programs\Python\Python312\Lib\glob.py first seen with mtime 1707237618.0
File C:\Users\getto\AppData\Local\Programs\Python\Python312\Lib\site-packages\django\db\models\constants.py first seen with mtime 1713848092.7748573
File C:\Users\getto\AppData\Local\Programs\Python\Python312\Lib\site-packages\sqlparse\filters\reindent.py first seen with mtime 1713848088.2180977
File C:\Users\getto\AppData\Local\Programs\Python\Python312\Lib\site-packages\django\contrib\admin\actions.py first seen with mtime 1713848089.360958
File C:\Users\getto\AppData\Local\Programs\Python\Python312\Lib\wsgiref\handlers.py first seen with mtime 1707237618.0
File C:\Users\getto\AppData\Local\Programs\Python\Python312\Lib\site-packages\django\utils\safestring.py first seen with mtime 1713848092.9974384
File C:\Users\getto\AppData\Local\Programs\Python\Python312\Lib\site-packages\django\core\cache\backends\filebased.py first seen with mtime 1713848092.6091082
File C:\Users\getto\AppData\Local\Programs\Python\Python312\Lib\site-packages\django\contrib\admin\templatetags\admin_urls.py first seen with mtime 1713848090.0208392
File C:\Users\getto\AppData\Local\Programs\Python\Python312\Lib\site-packages\django\core\files\storage\mixins.py first seen with mtime 1713848092.6419425
File C:\Users\getto\AppData\Local\Programs\Python\Python312\Lib\gzip.py first seen with mtime 1707237618.0
File C:\Users\getto\AppData\Local\Programs\Python\Python312\Lib\site-packages\django\db\backends\sqlite3\operations.py first seen with mtime 1713848092.7487571
File C:\Users\getto\OneDrive\Desktop\CompSci Tech_INTERN\CompSciTech_INTERN\calcy_final\calculator\apps.py first seen with mtime 1714992153.5457118
File C:\Users\getto\AppData\Local\Programs\Python\Python312\Lib\site-packages\django\db\models\functions\math.py first seen with mtime 1713848092.7996
File C:\Users\getto\AppData\Local\Programs\Python\Python312\Lib\site-packages\django\db\models\query.py first seen with mtime 1713848092.7829525
File C:\Users\getto\AppData\Local\Programs\Python\Python312\Lib\string.py first seen with mtime 1707237618.0
File C:\Users\getto\AppData\Local\Programs\Python\Python312\Lib\locale.py first seen with mtime 1707237618.0
File C:\Users\getto\AppData\Local\Programs\Python\Python312\Lib\site-packages\django\utils\translation\trans_real.py first seen with mtime 1713848093.0140314
File C:\Users\getto\AppData\Local\Programs\Python\Python312\Lib\site-packages\pika\adapters\blocking_connection.py first seen with mtime 1714066059.704698
File C:\Users\getto\AppData\Local\Programs\Python\Python312\Lib\site-packages\django\http\response.py first seen with mtime 1713848092.908774
File C:\Users\getto\AppData\Local\Programs\Python\Python312\Lib\asyncio\log.py first seen with mtime 1707237618.0
File C:\Users\getto\AppData\Local\Programs\Python\Python312\Lib\dataclasses.py first seen with mtime 1707237618.0
File C:\Users\getto\AppData\Local\Programs\Python\Python312\Lib\encodings\idna.py first seen with mtime 1707237618.0
File C:\Users\getto\AppData\Local\Programs\Python\Python312\Lib\site-packages\django\dispatch\dispatcher.py first seen with mtime 1713848092.812706
File C:\Users\getto\AppData\Local\Programs\Python\Python312\Lib\site-packages\colorama\__init__.py first seen with mtime 1709109661.1770475
File C:\Users\getto\AppData\Local\Programs\Python\Python312\Lib\site-packages\django\core\files\storage\handler.py first seen with mtime 1713848092.6399443
File C:\Users\getto\AppData\Local\Programs\Python\Python312\Lib\importlib\__init__.py first seen with mtime 1707237618.0
File C:\Users\getto\AppData\Local\Programs\Python\Python312\DLLs\_ssl.pyd first seen with mtime 1707237652.0
File C:\Users\getto\AppData\Local\Programs\Python\Python312\Lib\site-packages\pika\tcp_socket_opts.py first seen with mtime 1714066059.701693
File C:\Users\getto\AppData\Local\Programs\Python\Python312\Lib\email\errors.py first seen with mtime 1707237618.0
File C:\Users\getto\AppData\Local\Programs\Python\Python312\Lib\site-packages\django\core\exceptions.py first seen with mtime 1713848092.5990412
File C:\Users\getto\AppData\Local\Programs\Python\Python312\Lib\site-packages\sqlparse\tokens.py first seen with mtime 1713848088.2085454
File C:\Users\getto\AppData\Local\Programs\Python\Python312\Lib\site-packages\django\db\models\functions\text.py first seen with mtime 1713848092.8025968
File C:\Users\getto\AppData\Local\Programs\Python\Python312\Lib\site-packages\django\template\library.py first seen with mtime 1713848092.9276028
File C:\Users\getto\AppData\Local\Programs\Python\Python312\Lib\importlib\_abc.py first seen with mtime 1707237618.0
File C:\Users\getto\AppData\Local\Programs\Python\Python312\Lib\site-packages\django\core\__init__.py first seen with mtime 1713848092.5970423
File C:\Users\getto\AppData\Local\Programs\Python\Python312\Lib\site-packages\colorama\ansi.py first seen with mtime 1709109661.1770475
File C:\Users\getto\AppData\Local\Programs\Python\Python312\Lib\site-packages\django\contrib\staticfiles\utils.py first seen with mtime 1713848092.587978
File C:\Users\getto\AppData\Local\Programs\Python\Python312\Lib\multiprocessing\__init__.py first seen with mtime 1707237618.0
File C:\Users\getto\AppData\Local\Programs\Python\Python312\Lib\site-packages\django\contrib\admin\sites.py first seen with mtime 1713848089.3729765
File C:\Users\getto\AppData\Local\Programs\Python\Python312\Lib\site-packages\django\contrib\messages\constants.py first seen with mtime 1713848091.5488293
File C:\Users\getto\AppData\Local\Programs\Python\Python312\DLLs\_socket.pyd first seen with mtime 1707237652.0
File C:\Users\getto\AppData\Local\Programs\Python\Python312\Lib\site-packages\django\core\management\__init__.py first seen with mtime 1713848092.6576426
File C:\Users\getto\AppData\Local\Programs\Python\Python312\Lib\email\mime\text.py first seen with mtime 1707237618.0
File C:\Users\getto\AppData\Local\Programs\Python\Python312\Lib\site-packages\django\contrib\admin\models.py first seen with mtime 1713848089.3699806
File C:\Users\getto\AppData\Local\Programs\Python\Python312\Lib\ctypes\__init__.py first seen with mtime 1707237618.0
File C:\Users\getto\AppData\Local\Programs\Python\Python312\Lib\site-packages\sqlparse\engine\__init__.py first seen with mtime 1713848088.2105467
File C:\Users\getto\AppData\Local\Programs\Python\Python312\Lib\site-packages\django\db\models\fields\proxy.py first seen with mtime 1713848092.792551
File C:\Users\getto\AppData\Local\Programs\Python\Python312\Lib\site-packages\django\core\checks\registry.py first seen with mtime 1713848092.6196542
File C:\Users\getto\AppData\Local\Programs\Python\Python312\Lib\re\_constants.py first seen with mtime 1707237618.0
File C:\Users\getto\AppData\Local\Programs\Python\Python312\DLLs\_sqlite3.pyd first seen with mtime 1707237652.0
File C:\Users\getto\AppData\Local\Programs\Python\Python312\Lib\site-packages\django\templatetags\l10n.py first seen with mtime 1713848092.9476645
File C:\Users\getto\AppData\Local\Programs\Python\Python312\Lib\site-packages\django\utils\version.py first seen with mtime 1713848093.0059888
File C:\Users\getto\AppData\Local\Programs\Python\Python312\Lib\site-packages\django\template\engine.py first seen with mtime 1713848092.9266043
File C:\Users\getto\AppData\Local\Programs\Python\Python312\Lib\site-packages\django\core\files\utils.py first seen with mtime 1713848092.6359305
File C:\Users\getto\AppData\Local\Programs\Python\Python312\Lib\site-packages\django\core\cache\backends\base.py first seen with mtime 1713848092.607106
File C:\Users\getto\AppData\Local\Programs\Python\Python312\Lib\site-packages\django\db\backends\ddl_references.py first seen with mtime 1713848092.6986485
File C:\Users\getto\AppData\Local\Programs\Python\Python312\Lib\site-packages\django\template\backends\django.py first seen with mtime 1713848092.9356298
File C:\Users\getto\AppData\Local\Programs\Python\Python312\Lib\site-packages\django\middleware\csrf.py first seen with mtime 1713848092.91392
File C:\Users\getto\AppData\Local\Programs\Python\Python312\Lib\site-packages\django\contrib\admin\templatetags\admin_modify.py first seen with mtime 1713848090.0198388
File C:\Users\getto\AppData\Local\Programs\Python\Python312\Lib\site-packages\django\contrib\sites\__init__.py first seen with mtime 1713848092.2896512
File C:\Users\getto\AppData\Local\Programs\Python\Python312\Lib\zoneinfo\_tzpath.py first seen with mtime 1707237618.0
File C:\Users\getto\AppData\Local\Programs\Python\Python312\Lib\asyncio\base_subprocess.py first seen with mtime 1707237618.0
File C:\Users\getto\AppData\Local\Programs\Python\Python312\Lib\site-packages\pika\exchange_type.py first seen with mtime 1714066059.6986961
File C:\Users\getto\AppData\Local\Programs\Python\Python312\Lib\asyncio\events.py first seen with mtime 1707237618.0
File C:\Users\getto\AppData\Local\Programs\Python\Python312\Lib\site-packages\django\utils\termcolors.py first seen with mtime 1713848092.9984498
File C:\Users\getto\AppData\Local\Programs\Python\Python312\Lib\email\_policybase.py first seen with mtime 1707237618.0
File C:\Users\getto\AppData\Local\Programs\Python\Python312\Lib\site-packages\django\utils\regex_helper.py first seen with mtime 1713848092.9974384
File C:\Users\getto\AppData\Local\Programs\Python\Python312\Lib\re\__init__.py first seen with mtime 1707237618.0
File C:\Users\getto\AppData\Local\Programs\Python\Python312\Lib\email\_parseaddr.py first seen with mtime 1707237618.0
File C:\Users\getto\AppData\Local\Programs\Python\Python312\Lib\site-packages\django\utils\dateformat.py first seen with mtime 1713848092.975666
File C:\Users\getto\AppData\Local\Programs\Python\Python312\Lib\site-packages\django\urls\utils.py first seen with mtime 1713848092.9648924
File C:\Users\getto\AppData\Local\Programs\Python\Python312\Lib\nturl2path.py first seen with mtime 1707237618.0
File C:\Users\getto\AppData\Local\Programs\Python\Python312\Lib\site-packages\django\core\signals.py first seen with mtime 1713848092.6010404
File C:\Users\getto\AppData\Local\Programs\Python\Python312\Lib\site-packages\django\middleware\cache.py first seen with mtime 1713848092.9107718
File C:\Users\getto\AppData\Local\Programs\Python\Python312\Lib\site-packages\sqlparse\keywords.py first seen with mtime 1713848088.2050278
File C:\Users\getto\AppData\Local\Programs\Python\Python312\Lib\site-packages\django\http\__init__.py first seen with mtime 1713848092.904729
File C:\Users\getto\AppData\Local\Programs\Python\Python312\Lib\site-packages\pika\adapters\utils\selector_ioloop_adapter.py first seen with mtime 1714066059.7126908
File C:\Users\getto\AppData\Local\Programs\Python\Python312\Lib\site-packages\django\core\mail\__init__.py first seen with mtime 1713848092.647973
File C:\Users\getto\AppData\Local\Programs\Python\Python312\Lib\opcode.py first seen with mtime 1707237618.0
File C:\Users\getto\AppData\Local\Programs\Python\Python312\Lib\typing.py first seen with mtime 1707237618.0
File C:\Users\getto\AppData\Local\Programs\Python\Python312\Lib\site-packages\django\db\backends\__init__.py first seen with mtime 1713848092.6976461
File C:\Users\getto\AppData\Local\Programs\Python\Python312\Lib\hashlib.py first seen with mtime 1707237618.0
File C:\Users\getto\AppData\Local\Programs\Python\Python312\DLLs\unicodedata.pyd first seen with mtime 1707237652.0
File C:\Users\getto\AppData\Local\Programs\Python\Python312\Lib\site-packages\pika\adapters\select_connection.py first seen with mtime 1714066059.7066998
File C:\Users\getto\AppData\Local\Programs\Python\Python312\Lib\site-packages\django\http\request.py first seen with mtime 1713848092.9077723
File C:\Users\getto\AppData\Local\Programs\Python\Python312\Lib\asyncio\subprocess.py first seen with mtime 1707237618.0
File C:\Users\getto\AppData\Local\Programs\Python\Python312\Lib\site-packages\django\core\management\base.py first seen with mtime 1713848092.6586416
File C:\Users\getto\AppData\Local\Programs\Python\Python312\Lib\site-packages\asgiref\__init__.py first seen with mtime 1713848088.6528554
File C:\Users\getto\AppData\Local\Programs\Python\Python312\Lib\site-packages\colorama\ansitowin32.py first seen with mtime 1709109661.1780653
File C:\Users\getto\AppData\Local\Programs\Python\Python312\Lib\shutil.py first seen with mtime 1707237618.0
File C:\Users\getto\AppData\Local\Programs\Python\Python312\Lib\site-packages\django\core\checks\translation.py first seen with mtime 1713848092.6206553
File C:\Users\getto\AppData\Local\Programs\Python\Python312\Lib\site-packages\sqlparse\sql.py first seen with mtime 1713848088.2075458
File C:\Users\getto\AppData\Local\Programs\Python\Python312\Lib\asyncio\locks.py first seen with mtime 1707237618.0
File C:\Users\getto\AppData\Local\Programs\Python\Python312\Lib\asyncio\base_events.py first seen with mtime 1707237618.0
File C:\Users\getto\AppData\Local\Programs\Python\Python312\Lib\site-packages\django\__init__.py first seen with mtime 1713848088.8224034
File C:\Users\getto\AppData\Local\Programs\Python\Python312\Lib\site-packages\django\db\models\utils.py first seen with mtime 1713848092.7859962
File C:\Users\getto\AppData\Local\Programs\Python\Python312\Lib\site-packages\django\utils\duration.py first seen with mtime 1713848092.981805
File C:\Users\getto\AppData\Local\Programs\Python\Python312\Lib\concurrent\futures\_base.py first seen with mtime 1707237618.0
File C:\Users\getto\AppData\Local\Programs\Python\Python312\Lib\site-packages\django\template\utils.py first seen with mtime 1713848092.9336052
File C:\Users\getto\AppData\Local\Programs\Python\Python312\Lib\http\client.py first seen with mtime 1707237618.0
File C:\Users\getto\AppData\Local\Programs\Python\Python312\Lib\site-packages\django\apps\config.py first seen with mtime 1713848088.8259344
File C:\Users\getto\AppData\Local\Programs\Python\Python312\Lib\site-packages\django\core\files\images.py first seen with mtime 1713848092.6297104
File C:\Users\getto\AppData\Local\Programs\Python\Python312\Lib\site-packages\django\utils\_os.py first seen with mtime 1713848092.9671683
File C:\Users\getto\AppData\Local\Programs\Python\Python312\Lib\site-packages\django\contrib\auth\validators.py first seen with mtime 1713848090.2877076
File C:\Users\getto\AppData\Local\Programs\Python\Python312\Lib\asyncio\runners.py first seen with mtime 1707237618.0
File C:\Users\getto\AppData\Local\Programs\Python\Python312\Lib\json\__init__.py first seen with mtime 1707237618.0
File C:\Users\getto\AppData\Local\Programs\Python\Python312\Lib\site-packages\django\core\checks\security\csrf.py first seen with mtime 1713848092.6267064
File C:\Users\getto\AppData\Local\Programs\Python\Python312\Lib\site-packages\sqlparse\filters\aligned_indent.py first seen with mtime 1713848088.2160654
File C:\Users\getto\AppData\Local\Programs\Python\Python312\Lib\site-packages\pika\heartbeat.py first seen with mtime 1714066059.6996946
File C:\Users\getto\AppData\Local\Programs\Python\Python312\Lib\email\base64mime.py first seen with mtime 1707237618.0
File C:\Users\getto\AppData\Local\Programs\Python\Python312\Lib\asyncio\sslproto.py first seen with mtime 1707237618.0
File C:\Users\getto\AppData\Local\Programs\Python\Python312\Lib\site-packages\django\db\models\sql\query.py first seen with mtime 1713848092.8087027
File C:\Users\getto\AppData\Local\Programs\Python\Python312\Lib\asyncio\timeouts.py first seen with mtime 1707237618.0
File C:\Users\getto\AppData\Local\Programs\Python\Python312\Lib\email\mime\message.py first seen with mtime 1707237618.0
File C:\Users\getto\AppData\Local\Programs\Python\Python312\Lib\site-packages\django\forms\__init__.py first seen with mtime 1713848092.814706
File C:\Users\getto\AppData\Local\Programs\Python\Python312\Lib\site-packages\django\forms\renderers.py first seen with mtime 1713848092.8207624
File C:\Users\getto\AppData\Local\Programs\Python\Python312\Lib\socket.py first seen with mtime 1707237618.0
File C:\Users\getto\AppData\Local\Programs\Python\Python312\Lib\site-packages\django\template\backends\__init__.py first seen with mtime 1713848092.9336052
File C:\Users\getto\AppData\Local\Programs\Python\Python312\Lib\site-packages\django\contrib\messages\__init__.py first seen with mtime 1713848091.5458083
File C:\Users\getto\AppData\Local\Programs\Python\Python312\Lib\site-packages\sqlparse\filters\__init__.py first seen with mtime 1713848088.2135508
File C:\Users\getto\AppData\Local\Programs\Python\Python312\Lib\site-packages\django\core\checks\security\__init__.py first seen with mtime 1713848092.6236546
File C:\Users\getto\AppData\Local\Programs\Python\Python312\Lib\site-packages\pika\connection.py first seen with mtime 1714066059.6936824
File C:\Users\getto\AppData\Local\Programs\Python\Python312\Lib\site-packages\django\contrib\admin\widgets.py first seen with mtime 1713848089.3760293
File C:\Users\getto\AppData\Local\Programs\Python\Python312\Lib\site-packages\django\template\autoreload.py first seen with mtime 1713848092.919091
File C:\Users\getto\AppData\Local\Programs\Python\Python312\Lib\site-packages\django\template\loaders\cached.py first seen with mtime 1713848092.9426358
File C:\Users\getto\AppData\Local\Programs\Python\Python312\Lib\site-packages\django\core\checks\caches.py first seen with mtime 1713848092.6151357
File C:\Users\getto\AppData\Local\Programs\Python\Python312\Lib\site-packages\django\contrib\staticfiles\checks.py first seen with mtime 1713848092.581854
File C:\Users\getto\AppData\Local\Programs\Python\Python312\Lib\site-packages\django\contrib\sessions\__init__.py first seen with mtime 1713848092.0532787
File C:\Users\getto\AppData\Local\Programs\Python\Python312\Lib\asyncio\threads.py first seen with mtime 1707237618.0
File C:\Users\getto\AppData\Local\Programs\Python\Python312\Lib\site-packages\django\db\models\functions\datetime.py first seen with mtime 1713848092.7996
File C:\Users\getto\AppData\Local\Programs\Python\Python312\Lib\site-packages\django\db\models\query_utils.py first seen with mtime 1713848092.7849889
File C:\Users\getto\AppData\Local\Programs\Python\Python312\DLLs\_overlapped.pyd first seen with mtime 1707237652.0
File C:\Users\getto\AppData\Local\Programs\Python\Python312\Lib\site-packages\django\utils\dates.py first seen with mtime 1713848092.9776871
File C:\Users\getto\AppData\Local\Programs\Python\Python312\Lib\site-packages\django\urls\__init__.py first seen with mtime 1713848092.9603994
File C:\Users\getto\AppData\Local\Programs\Python\Python312\Lib\json\decoder.py first seen with mtime 1707237618.0
File C:\Users\getto\AppData\Local\Programs\Python\Python312\Lib\site-packages\django\urls\conf.py first seen with mtime 1713848092.9613755
File C:\Users\getto\AppData\Local\Programs\Python\Python312\Lib\site-packages\django\core\files\uploadhandler.py first seen with mtime 1713848092.6347065
File C:\Users\getto\AppData\Local\Programs\Python\Python312\DLLs\_uuid.pyd first seen with mtime 1707237650.0
File C:\Users\getto\AppData\Local\Programs\Python\Python312\Lib\reprlib.py first seen with mtime 1707237618.0
File C:\Users\getto\AppData\Local\Programs\Python\Python312\Lib\concurrent\futures\thread.py first seen with mtime 1707237618.0
File C:\Users\getto\AppData\Local\Programs\Python\Python312\Lib\site-packages\django\contrib\admin\views\autocomplete.py first seen with mtime 1713848090.0248399
File C:\Users\getto\AppData\Local\Programs\Python\Python312\Lib\token.py first seen with mtime 1707237618.0
File C:\Users\getto\AppData\Local\Programs\Python\Python312\Lib\re\_casefix.py first seen with mtime 1707237618.0
File C:\Users\getto\AppData\Local\Programs\Python\Python312\Lib\email\_encoded_words.py first seen with mtime 1707237618.0
File C:\Users\getto\AppData\Local\Programs\Python\Python312\Lib\graphlib.py first seen with mtime 1707237618.0
File C:\Users\getto\AppData\Local\Programs\Python\Python312\Lib\site-packages\pika\adapters\utils\nbio_interface.py first seen with mtime 1714066059.7126908
File C:\Users\getto\AppData\Local\Programs\Python\Python312\Lib\_markupbase.py first seen with mtime 1707237618.0
File C:\Users\getto\AppData\Local\Programs\Python\Python312\Lib\getpass.py first seen with mtime 1707237618.0
File C:\Users\getto\AppData\Local\Programs\Python\Python312\Lib\calendar.py first seen with mtime 1707237618.0
File C:\Users\getto\AppData\Local\Programs\Python\Python312\Lib\site-packages\django\db\migrations\utils.py first seen with mtime 1713848092.7647917
File C:\Users\getto\AppData\Local\Programs\Python\Python312\Lib\site-packages\colorama\winterm.py first seen with mtime 1709109661.1800609
File C:\Users\getto\AppData\Local\Programs\Python\Python312\Lib\email\policy.py first seen with mtime 1707237618.0
File C:\Users\getto\AppData\Local\Programs\Python\Python312\Lib\subprocess.py first seen with mtime 1707237618.0
File C:\Users\getto\AppData\Local\Programs\Python\Python312\Lib\site-packages\sqlparse\formatter.py first seen with mtime 1713848088.2035198
File C:\Users\getto\AppData\Local\Programs\Python\Python312\Lib\site-packages\pika\exceptions.py first seen with mtime 1714066059.6976974
File C:\Users\getto\AppData\Local\Programs\Python\Python312\Lib\urllib\response.py first seen with mtime 1707237618.0
File C:\Users\getto\AppData\Local\Programs\Python\Python312\Lib\site-packages\django\template\base.py first seen with mtime 1713848092.92109
File C:\Users\getto\AppData\Local\Programs\Python\Python312\Lib\site-packages\django\utils\datastructures.py first seen with mtime 1713848092.9751585
File C:\Users\getto\AppData\Local\Programs\Python\Python312\Lib\site-packages\django\db\models\options.py first seen with mtime 1713848092.7819495
File C:\Users\getto\AppData\Local\Programs\Python\Python312\Lib\asyncio\format_helpers.py first seen with mtime 1707237618.0
File C:\Users\getto\AppData\Local\Programs\Python\Python312\Lib\site-packages\django\views\__init__.py first seen with mtime 1713848093.0160503
File C:\Users\getto\AppData\Local\Programs\Python\Python312\Lib\site-packages\django\db\models\aggregates.py first seen with mtime 1713848092.772374
File C:\Users\getto\OneDrive\Desktop\CompSci Tech_INTERN\CompSciTech_INTERN\calcy_final\calcy_final\settings.py first seen with mtime 1715367878.870131
File C:\Users\getto\AppData\Local\Programs\Python\Python312\Lib\urllib\parse.py first seen with mtime 1707237618.0
File C:\Users\getto\AppData\Local\Programs\Python\Python312\Lib\_compression.py first seen with mtime 1707237618.0
File C:\Users\getto\AppData\Local\Programs\Python\Python312\Lib\site-packages\django\db\models\sql\constants.py first seen with mtime 1713848092.8056939
File C:\Users\getto\AppData\Local\Programs\Python\Python312\Lib\site-packages\django\contrib\sessions\models.py first seen with mtime 1713848092.0573359
File C:\Users\getto\AppData\Local\Programs\Python\Python312\Lib\site-packages\django\core\checks\database.py first seen with mtime 1713848092.6156485
File C:\Users\getto\AppData\Local\Programs\Python\Python312\Lib\site-packages\django\contrib\admin\templatetags\__init__.py first seen with mtime 1713848090.016843
File C:\Users\getto\AppData\Local\Programs\Python\Python312\Lib\site-packages\django\templatetags\tz.py first seen with mtime 1713848092.9502199
File C:\Users\getto\AppData\Local\Programs\Python\Python312\Lib\site-packages\django\db\models\functions\window.py first seen with mtime 1713848092.8025968
File C:\Users\getto\AppData\Local\Programs\Python\Python312\Lib\site-packages\django\utils\crypto.py first seen with mtime 1713848092.9741583
File C:\Users\getto\AppData\Local\Programs\Python\Python312\Lib\site-packages\asgiref\sync.py first seen with mtime 1713848088.6580539
File C:\Users\getto\AppData\Local\Programs\Python\Python312\Lib\site-packages\django\db\models\__init__.py first seen with mtime 1713848092.7713747
File C:\Users\getto\AppData\Local\Programs\Python\Python312\Lib\site-packages\django\template\smartif.py first seen with mtime 1713848092.9316018
File C:\Users\getto\AppData\Local\Programs\Python\Python312\Lib\site-packages\django\contrib\admin\__init__.py first seen with mtime 1713848089.360958
File C:\Users\getto\AppData\Local\Programs\Python\Python312\Lib\types.py first seen with mtime 1707237618.0
File C:\Users\getto\AppData\Local\Programs\Python\Python312\Lib\site-packages\django\db\backends\base\introspection.py first seen with mtime 1713848092.7056706
File C:\Users\getto\AppData\Local\Programs\Python\Python312\Lib\site-packages\django\core\mail\utils.py first seen with mtime 1713848092.6494799
File C:\Users\getto\AppData\Local\Programs\Python\Python312\Lib\site-packages\django\contrib\auth\__init__.py first seen with mtime 1713848090.2707357
File C:\Users\getto\AppData\Local\Programs\Python\Python312\Lib\site-packages\django\apps\__init__.py first seen with mtime 1713848088.8249137
File C:\Users\getto\AppData\Local\Programs\Python\Python312\Lib\site-packages\django\db\models\signals.py first seen with mtime 1713848092.7849889
File C:\Users\getto\AppData\Local\Programs\Python\Python312\Lib\site-packages\django\utils\encoding.py first seen with mtime 1713848092.98281
File C:\Users\getto\AppData\Local\Programs\Python\Python312\Lib\site-packages\django\middleware\__init__.py first seen with mtime 1713848092.9097722
File C:\Users\getto\AppData\Local\Programs\Python\Python312\Lib\email\charset.py first seen with mtime 1707237618.0
File C:\Users\getto\AppData\Local\Programs\Python\Python312\Lib\bisect.py first seen with mtime 1707237618.0
File C:\Users\getto\AppData\Local\Programs\Python\Python312\Lib\struct.py first seen with mtime 1707237618.0
File C:\Users\getto\AppData\Local\Programs\Python\Python312\Lib\site-packages\pika\adapters\utils\connection_workflow.py first seen with mtime 1714066059.7106953
File C:\Users\getto\AppData\Local\Programs\Python\Python312\Lib\site-packages\django\db\migrations\exceptions.py first seen with mtime 1713848092.7537606
File C:\Users\getto\AppData\Local\Programs\Python\Python312\Lib\site-packages\sqlparse\exceptions.py first seen with mtime 1713848088.201518
File C:\Users\getto\AppData\Local\Programs\Python\Python312\Lib\site-packages\django\core\handlers\asgi.py first seen with mtime 1713848092.643939
File C:\Users\getto\AppData\Local\Programs\Python\Python312\Lib\site-packages\django\utils\http.py first seen with mtime 1713848092.9878416
File C:\Users\getto\AppData\Local\Programs\Python\Python312\Lib\site-packages\django\core\cache\utils.py first seen with mtime 1713848092.605062
File C:\Users\getto\AppData\Local\Programs\Python\Python312\Lib\site-packages\django\templatetags\__init__.py first seen with mtime 1713848092.9451406
File C:\Users\getto\AppData\Local\Programs\Python\Python312\Lib\linecache.py first seen with mtime 1707237618.0
File C:\Users\getto\AppData\Local\Programs\Python\Python312\Lib\site-packages\django\core\cache\__init__.py first seen with mtime 1713848092.6035454
File C:\Users\getto\AppData\Local\Programs\Python\Python312\Lib\site-packages\django\core\serializers\json.py first seen with mtime 1713848092.6896052
File C:\Users\getto\AppData\Local\Programs\Python\Python312\Lib\site-packages\django\db\migrations\operations\special.py first seen with mtime 1713848092.7703586
File C:\Users\getto\AppData\Local\Programs\Python\Python312\Lib\site-packages\django\db\transaction.py first seen with mtime 1713848092.6966462
File C:\Users\getto\AppData\Local\Programs\Python\Python312\Lib\site-packages\django\views\generic\dates.py first seen with mtime 1713848093.0347085
File C:\Users\getto\AppData\Local\Programs\Python\Python312\Lib\collections\__init__.py first seen with mtime 1707237618.0
File C:\Users\getto\AppData\Local\Programs\Python\Python312\Lib\site-packages\django\utils\timesince.py first seen with mtime 1713848093.0014493
File C:\Users\getto\AppData\Local\Programs\Python\Python312\Lib\site-packages\django\db\__init__.py first seen with mtime 1713848092.6956308
File C:\Users\getto\AppData\Local\Programs\Python\Python312\Lib\asyncio\queues.py first seen with mtime 1707237618.0
File C:\Users\getto\AppData\Local\Programs\Python\Python312\Lib\site-packages\django\db\models\expressions.py first seen with mtime 1713848092.77796
File C:\Users\getto\AppData\Local\Programs\Python\Python312\Lib\wsgiref\__init__.py first seen with mtime 1707237618.0
File C:\Users\getto\AppData\Local\Programs\Python\Python312\Lib\site-packages\django\urls\base.py first seen with mtime 1713848092.9603994
File C:\Users\getto\AppData\Local\Programs\Python\Python312\Lib\site-packages\django\core\serializers\base.py first seen with mtime 1713848092.687608
File C:\Users\getto\AppData\Local\Programs\Python\Python312\Lib\site-packages\django\core\servers\__init__.py first seen with mtime 1713848092.6936052
File C:\Users\getto\AppData\Local\Programs\Python\Python312\Lib\site-packages\django\forms\fields.py first seen with mtime 1713848092.8167517
File C:\Users\getto\AppData\Local\Programs\Python\Python312\Lib\site-packages\django\template\exceptions.py first seen with mtime 1713848092.9276028
File C:\Users\getto\AppData\Local\Programs\Python\Python312\Lib\site-packages\django\core\serializers\__init__.py first seen with mtime 1713848092.6866074
File C:\Users\getto\AppData\Local\Programs\Python\Python312\Lib\site-packages\django\core\management\color.py first seen with mtime 1713848092.659641
File C:\Users\getto\AppData\Local\Programs\Python\Python312\Lib\site-packages\pika\adapters\utils\__init__.py first seen with mtime 1714066059.709694
File C:\Users\getto\AppData\Local\Programs\Python\Python312\Lib\traceback.py first seen with mtime 1707237618.0
File C:\Users\getto\AppData\Local\Programs\Python\Python312\Lib\site-packages\django\contrib\admin\templatetags\base.py first seen with mtime 1713848090.0218372
File C:\Users\getto\AppData\Local\Programs\Python\Python312\Lib\site-packages\django\contrib\admin\exceptions.py first seen with mtime 1713848089.3659706
File C:\Users\getto\AppData\Local\Programs\Python\Python312\Lib\site-packages\django\db\models\fields\files.py first seen with mtime 1713848092.7880414
File C:\Users\getto\AppData\Local\Programs\Python\Python312\Lib\site-packages\django\contrib\contenttypes\admin.py first seen with mtime 1713848090.5148673
File C:\Users\getto\AppData\Local\Programs\Python\Python312\Lib\email\mime\__init__.py first seen with mtime 1707237618.0
File C:\Users\getto\AppData\Local\Programs\Python\Python312\Lib\site-packages\django\db\models\functions\__init__.py first seen with mtime 1713848092.7976005
File C:\Users\getto\AppData\Local\Programs\Python\Python312\Lib\site-packages\pika\callback.py first seen with mtime 1714066059.6889038
File C:\Users\getto\AppData\Local\Programs\Python\Python312\Lib\site-packages\django\core\validators.py first seen with mtime 1713848092.602041
File C:\Users\getto\AppData\Local\Programs\Python\Python312\Lib\textwrap.py first seen with mtime 1707237618.0
File C:\Users\getto\AppData\Local\Programs\Python\Python312\Lib\email\mime\nonmultipart.py first seen with mtime 1707237618.0
File C:\Users\getto\AppData\Local\Programs\Python\Python312\Lib\site-packages\django\db\models\constraints.py first seen with mtime 1713848092.7758794
File C:\Users\getto\AppData\Local\Programs\Python\Python312\Lib\wsgiref\simple_server.py first seen with mtime 1707237618.0
File C:\Users\getto\AppData\Local\Programs\Python\Python312\Lib\ast.py first seen with mtime 1707237618.0
File C:\Users\getto\AppData\Local\Programs\Python\Python312\Lib\urllib\__init__.py first seen with mtime 1707237618.0
File C:\Users\getto\AppData\Local\Programs\Python\Python312\Lib\site-packages\django\forms\formsets.py first seen with mtime 1713848092.8187647
File C:\Users\getto\AppData\Local\Programs\Python\Python312\Lib\site-packages\pika\data.py first seen with mtime 1714066059.6957016
File C:\Users\getto\AppData\Local\Programs\Python\Python312\Lib\http\server.py first seen with mtime 1707237618.0
File C:\Users\getto\AppData\Local\Programs\Python\Python312\Lib\site-packages\django\utils\formats.py first seen with mtime 1713848092.9838104
File C:\Users\getto\AppData\Local\Programs\Python\Python312\Lib\site-packages\django\contrib\admin\templatetags\log.py first seen with mtime 1713848090.0228355
File C:\Users\getto\OneDrive\Desktop\CompSci Tech_INTERN\CompSciTech_INTERN\calcy_final\calcy_final\__init__.py first seen with mtime 1714992097.4660752
File C:\Users\getto\AppData\Local\Programs\Python\Python312\Lib\site-packages\django\template\response.py first seen with mtime 1713848092.9316018
File C:\Users\getto\AppData\Local\Programs\Python\Python312\Lib\site-packages\django\utils\decorators.py first seen with mtime 1713848092.9796789
File C:\Users\getto\AppData\Local\Programs\Python\Python312\Lib\site-packages\django\template\backends\base.py first seen with mtime 1713848092.9351115
File C:\Users\getto\AppData\Local\Programs\Python\Python312\Lib\site-packages\django\db\models\fields\related.py first seen with mtime 1713848092.7935607
File C:\Users\getto\AppData\Local\Programs\Python\Python312\Lib\site-packages\django\contrib\admin\helpers.py first seen with mtime 1713848089.3689816
File C:\Users\getto\AppData\Local\Programs\Python\Python312\Lib\site-packages\django\utils\translation\reloader.py first seen with mtime 1713848093.0095086
File C:\Users\getto\AppData\Local\Programs\Python\Python312\Lib\site-packages\sqlparse\lexer.py first seen with mtime 1713848088.20654
File C:\Users\getto\AppData\Local\Programs\Python\Python312\Lib\site-packages\django\db\migrations\operations\models.py first seen with mtime 1713848092.76936
File C:\Users\getto\AppData\Local\Programs\Python\Python312\Lib\site-packages\django\contrib\staticfiles\__init__.py first seen with mtime 1713848092.579848
File C:\Users\getto\AppData\Local\Programs\Python\Python312\Lib\site-packages\django\template\loaders\__init__.py first seen with mtime 1713848092.9396377
File C:\Users\getto\AppData\Local\Programs\Python\Python312\Lib\asyncio\futures.py first seen with mtime 1707237618.0
File C:\Users\getto\AppData\Local\Programs\Python\Python312\Lib\site-packages\django\db\backends\sqlite3\__init__.py first seen with mtime 1713848092.7417254
File C:\Users\getto\AppData\Local\Programs\Python\Python312\Lib\site-packages\django\templatetags\static.py first seen with mtime 1713848092.949184
File C:\Users\getto\AppData\Local\Programs\Python\Python312\Lib\ipaddress.py first seen with mtime 1707237618.0
File C:\Users\getto\AppData\Local\Programs\Python\Python312\Lib\asyncio\staggered.py first seen with mtime 1707237618.0
File C:\Users\getto\AppData\Local\Programs\Python\Python312\Lib\site-packages\django\utils\cache.py first seen with mtime 1713848092.9711564
File C:\Users\getto\AppData\Local\Programs\Python\Python312\Lib\site-packages\django\core\checks\templates.py first seen with mtime 1713848092.6206553
File C:\Users\getto\AppData\Local\Programs\Python\Python312\Lib\json\scanner.py first seen with mtime 1707237618.0
File C:\Users\getto\AppData\Local\Programs\Python\Python312\Lib\pprint.py first seen with mtime 1707237618.0
File C:\Users\getto\AppData\Local\Programs\Python\Python312\Lib\tokenize.py first seen with mtime 1707237618.0
File C:\Users\getto\AppData\Local\Programs\Python\Python312\Lib\site-packages\django\conf\global_settings.py first seen with mtime 1713848088.8292212
File C:\Users\getto\AppData\Local\Programs\Python\Python312\Lib\site-packages\django\contrib\contenttypes\views.py first seen with mtime 1713848090.5209527
File C:\Users\getto\AppData\Local\Programs\Python\Python312\DLLs\_hashlib.pyd first seen with mtime 1707237652.0
File C:\Users\getto\AppData\Local\Programs\Python\Python312\Lib\site-packages\django\template\loader_tags.py first seen with mtime 1713848092.9306026
File C:\Users\getto\AppData\Local\Programs\Python\Python312\Lib\site-packages\django\db\migrations\operations\__init__.py first seen with mtime 1713848092.7673638
File C:\Users\getto\AppData\Local\Programs\Python\Python312\Lib\bz2.py first seen with mtime 1707237618.0
File C:\Users\getto\AppData\Local\Programs\Python\Python312\Lib\site-packages\django\views\decorators\cache.py first seen with mtime 1713848093.0236287
File C:\Users\getto\AppData\Local\Programs\Python\Python312\Lib\site-packages\sqlparse\filters\output.py first seen with mtime 1713848088.2170992
File C:\Users\getto\AppData\Local\Programs\Python\Python312\Lib\inspect.py first seen with mtime 1707237618.0
File C:\Users\getto\AppData\Local\Programs\Python\Python312\Lib\site-packages\django\db\utils.py first seen with mtime 1713848092.6966462
File C:\Users\getto\AppData\Local\Programs\Python\Python312\Lib\site-packages\django\contrib\sessions\apps.py first seen with mtime 1713848092.054281
File C:\Users\getto\AppData\Local\Programs\Python\Python312\Lib\html\__init__.py first seen with mtime 1707237618.0
File C:\Users\getto\AppData\Local\Programs\Python\Python312\Lib\site-packages\django\views\decorators\csrf.py first seen with mtime 1713848093.027706
File C:\Users\getto\AppData\Local\Programs\Python\Python312\Lib\site-packages\django\db\backends\sqlite3\schema.py first seen with mtime 1713848092.7497554
File C:\Users\getto\AppData\Local\Programs\Python\Python312\Lib\site-packages\django\contrib\staticfiles\management\__init__.py first seen with mtime 1713848092.5889888
File C:\Users\getto\AppData\Local\Programs\Python\Python312\Lib\site-packages\django\contrib\admin\options.py first seen with mtime 1713848089.3709815
File C:\Users\getto\AppData\Local\Programs\Python\Python312\Lib\pathlib.py first seen with mtime 1707237618.0
File C:\Users\getto\AppData\Local\Programs\Python\Python312\Lib\site-packages\django\core\checks\security\sessions.py first seen with mtime 1713848092.6277072
File C:\Users\getto\AppData\Local\Programs\Python\Python312\Lib\site-packages\django\utils\inspect.py first seen with mtime 1713848092.9888563
File C:\Users\getto\AppData\Local\Programs\Python\Python312\Lib\site-packages\django\core\files\__init__.py first seen with mtime 1713848092.62871
File C:\Users\getto\AppData\Local\Programs\Python\Python312\Lib\site-packages\django\db\backends\sqlite3\features.py first seen with mtime 1713848092.7467592
File C:\Users\getto\AppData\Local\Programs\Python\Python312\Lib\site-packages\django\dispatch\__init__.py first seen with mtime 1713848092.811703
File C:\Users\getto\AppData\Local\Programs\Python\Python312\DLLs\_bz2.pyd first seen with mtime 1707237652.0
File C:\Users\getto\AppData\Local\Programs\Python\Python312\Lib\gettext.py first seen with mtime 1707237618.0
File C:\Users\getto\AppData\Local\Programs\Python\Python312\Lib\site-packages\django\conf\locale\__init__.py first seen with mtime 1713848088.835813
File C:\Users\getto\AppData\Local\Programs\Python\Python312\Lib\asyncio\__init__.py first seen with mtime 1707237618.0
File C:\Users\getto\AppData\Local\Programs\Python\Python312\Lib\email\feedparser.py first seen with mtime 1707237618.0
File C:\Users\getto\AppData\Local\Programs\Python\Python312\Lib\http\cookies.py first seen with mtime 1707237618.0
File C:\Users\getto\OneDrive\Desktop\CompSci Tech_INTERN\CompSciTech_INTERN\calcy_final\calculator\admin.py first seen with mtime 1714992153.5255535
File C:\Users\getto\AppData\Local\Programs\Python\Python312\Lib\encodings\utf_8.py first seen with mtime 1707237618.0
File C:\Users\getto\AppData\Local\Programs\Python\Python312\Lib\decimal.py first seen with mtime 1707237618.0
File C:\Users\getto\AppData\Local\Programs\Python\Python312\Lib\site-packages\django\db\backends\base\base.py first seen with mtime 1713848092.7016509
File C:\Users\getto\AppData\Local\Programs\Python\Python312\Lib\multiprocessing\reduction.py first seen with mtime 1707237618.0
File C:\Users\getto\AppData\Local\Programs\Python\Python312\Lib\site-packages\django\views\debug.py first seen with mtime 1713848093.0186355
File C:\Users\getto\AppData\Local\Programs\Python\Python312\Lib\re\_parser.py first seen with mtime 1707237618.0
File C:\Users\getto\AppData\Local\Programs\Python\Python312\Lib\fractions.py first seen with mtime 1707237618.0
File C:\Users\getto\AppData\Local\Programs\Python\Python312\Lib\site-packages\django\utils\autoreload.py first seen with mtime 1713848092.9701703
File C:\Users\getto\AppData\Local\Programs\Python\Python312\Lib\functools.py first seen with mtime 1707237618.0
File C:\Users\getto\AppData\Local\Programs\Python\Python312\Lib\site-packages\django\urls\resolvers.py first seen with mtime 1713848092.9648924
File C:\Users\getto\AppData\Local\Programs\Python\Python312\Lib\site-packages\django\contrib\__init__.py first seen with mtime 1713848089.359959
File C:\Users\getto\AppData\Local\Programs\Python\Python312\Lib\site-packages\sqlparse\engine\filter_stack.py first seen with mtime 1713848088.2115502
File C:\Users\getto\AppData\Local\Programs\Python\Python312\Lib\site-packages\django\core\management\commands\runserver.py first seen with mtime 1713848092.6768162
File C:\Users\getto\OneDrive\Desktop\CompSci Tech_INTERN\CompSciTech_INTERN\calcy_final\calculator\__init__.py first seen with mtime 1714992153.586253
File C:\Users\getto\AppData\Local\Programs\Python\Python312\Lib\html\entities.py first seen with mtime 1707237618.0
File C:\Users\getto\AppData\Local\Programs\Python\Python312\Lib\site-packages\django\core\checks\__init__.py first seen with mtime 1713848092.6136146
File C:\Users\getto\AppData\Local\Programs\Python\Python312\Lib\site-packages\django\contrib\messages\apps.py first seen with mtime 1713848091.5478299
File C:\Users\getto\AppData\Local\Programs\Python\Python312\Lib\site-packages\django\db\models\functions\comparison.py first seen with mtime 1713848092.7986014
File C:\Users\getto\AppData\Local\Programs\Python\Python312\Lib\site-packages\django\core\servers\basehttp.py first seen with mtime 1713848092.6936052
File C:\Users\getto\AppData\Local\Programs\Python\Python312\DLLs\select.pyd first seen with mtime 1707237652.0
File C:\Users\getto\AppData\Local\Programs\Python\Python312\Lib\site-packages\django\utils\deprecation.py first seen with mtime 1713848092.9806788
File C:\Users\getto\AppData\Local\Programs\Python\Python312\Lib\site-packages\django\utils\module_loading.py first seen with mtime 1713848092.9953573
File C:\Users\getto\AppData\Local\Programs\Python\Python312\Lib\site-packages\django\core\management\commands\__init__.py first seen with mtime 1713848092.6640017
File C:\Users\getto\AppData\Local\Programs\Python\Python312\Lib\site-packages\django\db\backends\sqlite3\_functions.py first seen with mtime 1713848092.7427258
File C:\Users\getto\AppData\Local\Programs\Python\Python312\Lib\argparse.py first seen with mtime 1707237618.0
File C:\Users\getto\AppData\Local\Programs\Python\Python312\Lib\site-packages\django\contrib\admin\checks.py first seen with mtime 1713848089.362958
File C:\Users\getto\AppData\Local\Programs\Python\Python312\Lib\site-packages\django\http\cookie.py first seen with mtime 1713848092.904729
File C:\Users\getto\AppData\Local\Programs\Python\Python312\Lib\heapq.py first seen with mtime 1707237618.0
File C:\Users\getto\AppData\Local\Programs\Python\Python312\Lib\site-packages\django\db\migrations\operations\base.py first seen with mtime 1713848092.7683494
File C:\Users\getto\AppData\Local\Programs\Python\Python312\Lib\site-packages\django\utils\choices.py first seen with mtime 1713848092.97216
File C:\Users\getto\AppData\Local\Programs\Python\Python312\Lib\sqlite3\dbapi2.py first seen with mtime 1707237618.0
File C:\Users\getto\AppData\Local\Programs\Python\Python312\Lib\encodings\aliases.py first seen with mtime 1707237618.0
File C:\Users\getto\AppData\Local\Programs\Python\Python312\Lib\warnings.py first seen with mtime 1707237618.0
File C:\Users\getto\AppData\Local\Programs\Python\Python312\Lib\json\encoder.py first seen with mtime 1707237618.0
File C:\Users\getto\AppData\Local\Programs\Python\Python312\Lib\site-packages\django\http\multipartparser.py first seen with mtime 1713848092.9067738
File C:\Users\getto\AppData\Local\Programs\Python\Python312\Lib\concurrent\__init__.py first seen with mtime 1707237618.0
File C:\Users\getto\AppData\Local\Programs\Python\Python312\Lib\site-packages\django\utils\numberformat.py first seen with mtime 1713848092.9958665
File C:\Users\getto\AppData\Local\Programs\Python\Python312\Lib\site-packages\django\views\decorators\__init__.py first seen with mtime 1713848093.0226312
File C:\Users\getto\AppData\Local\Programs\Python\Python312\Lib\site-packages\django\core\handlers\base.py first seen with mtime 1713848092.645452
File C:\Users\getto\AppData\Local\Programs\Python\Python312\Lib\site-packages\django\contrib\auth\management\__init__.py first seen with mtime 1713848090.4987411
File C:\Users\getto\AppData\Local\Programs\Python\Python312\DLLs\_asyncio.pyd first seen with mtime 1707237652.0
File C:\Users\getto\AppData\Local\Programs\Python\Python312\Lib\weakref.py first seen with mtime 1707237618.0
File C:\Users\getto\AppData\Local\Programs\Python\Python312\Lib\site-packages\django\contrib\contenttypes\__init__.py first seen with mtime 1713848090.513868
File C:\Users\getto\AppData\Local\Programs\Python\Python312\Lib\site-packages\django\db\models\fields\related_lookups.py first seen with mtime 1713848092.7950695
File C:\Users\getto\AppData\Local\Programs\Python\Python312\Lib\site-packages\django\db\models\functions\mixins.py first seen with mtime 1713848092.8016052
File C:\Users\getto\AppData\Local\Programs\Python\Python312\Lib\secrets.py first seen with mtime 1707237618.0
File C:\Users\getto\AppData\Local\Programs\Python\Python312\Lib\site-packages\django\contrib\staticfiles\management\commands\runserver.py first seen with mtime 1713848092.593988
File C:\Users\getto\AppData\Local\Programs\Python\Python312\Lib\collections\abc.py first seen with mtime 1707237618.0
File C:\Users\getto\AppData\Local\Programs\Python\Python312\Lib\site-packages\django\contrib\admin\apps.py first seen with mtime 1713848089.3619578
File C:\Users\getto\AppData\Local\Programs\Python\Python312\Lib\site-packages\django\core\handlers\exception.py first seen with mtime 1713848092.6459627
File C:\Users\getto\AppData\Local\Programs\Python\Python312\Lib\copy.py first seen with mtime 1707237618.0
File C:\Users\getto\AppData\Local\Programs\Python\Python312\Lib\site-packages\django\db\backends\base\__init__.py first seen with mtime 1713848092.7006476
File C:\Users\getto\AppData\Local\Programs\Python\Python312\Lib\signal.py first seen with mtime 1707237618.0
File C:\Users\getto\AppData\Local\Programs\Python\Python312\Lib\site-packages\colorama\win32.py first seen with mtime 1709109661.1790574
File C:\Users\getto\AppData\Local\Programs\Python\Python312\Lib\multiprocessing\context.py first seen with mtime 1707237618.0
File C:\Users\getto\AppData\Local\Programs\Python\Python312\DLLs\_decimal.pyd first seen with mtime 1707237652.0
File C:\Users\getto\AppData\Local\Programs\Python\Python312\Lib\pkgutil.py first seen with mtime 1707237618.0
File C:\Users\getto\AppData\Local\Programs\Python\Python312\Lib\email\utils.py first seen with mtime 1707237618.0
File C:\Users\getto\AppData\Local\Programs\Python\Python312\Lib\site-packages\django\core\files\storage\memory.py first seen with mtime 1713848092.6409454
File C:\Users\getto\AppData\Local\Programs\Python\Python312\Lib\site-packages\django\db\models\indexes.py first seen with mtime 1713848092.778963
File C:\Users\getto\AppData\Local\Programs\Python\Python312\Lib\site-packages\django\db\migrations\operations\fields.py first seen with mtime 1713848092.76936
File C:\Users\getto\AppData\Local\Programs\Python\Python312\Lib\email\contentmanager.py first seen with mtime 1707237618.0
File C:\Users\getto\AppData\Local\Programs\Python\Python312\Lib\site-packages\asgiref\local.py first seen with mtime 1713848088.6560342
File C:\Users\getto\AppData\Local\Programs\Python\Python312\Lib\asyncio\windows_utils.py first seen with mtime 1707237618.0
File C:\Users\getto\AppData\Local\Programs\Python\Python312\Lib\numbers.py first seen with mtime 1707237618.0
File C:\Users\getto\AppData\Local\Programs\Python\Python312\Lib\site-packages\sqlparse\filters\tokens.py first seen with mtime 1713848088.2200978
File C:\Users\getto\AppData\Local\Programs\Python\Python312\Lib\site-packages\django\core\checks\files.py first seen with mtime 1713848092.6166565
File C:\Users\getto\AppData\Local\Programs\Python\Python312\Lib\datetime.py first seen with mtime 1707237618.0
File C:\Users\getto\AppData\Local\Programs\Python\Python312\Lib\site-packages\django\contrib\messages\storage\__init__.py first seen with mtime 1713848091.5553546
File C:\Users\getto\AppData\Local\Programs\Python\Python312\Lib\site-packages\sqlparse\utils.py first seen with mtime 1713848088.2095473
File C:\Users\getto\AppData\Local\Programs\Python\Python312\Lib\site-packages\django\contrib\staticfiles\views.py first seen with mtime 1713848092.5889888
File C:\Users\getto\AppData\Local\Programs\Python\Python312\Lib\site-packages\django\core\files\uploadedfile.py first seen with mtime 1713848092.6337104
File C:\Users\getto\AppData\Local\Programs\Python\Python312\Lib\site-packages\django\contrib\auth\admin.py first seen with mtime 1713848090.2717104
File C:\Users\getto\AppData\Local\Programs\Python\Python312\Lib\logging\handlers.py first seen with mtime 1707237618.0
File C:\Users\getto\AppData\Local\Programs\Python\Python312\DLLs\_queue.pyd first seen with mtime 1707237650.0
File C:\Users\getto\AppData\Local\Programs\Python\Python312\Lib\site-packages\pika\adapters\utils\io_services_utils.py first seen with mtime 1714066059.7116952
File C:\Users\getto\AppData\Local\Programs\Python\Python312\Lib\site-packages\sqlparse\cli.py first seen with mtime 1713848088.2005186
File C:\Users\getto\AppData\Local\Programs\Python\Python312\Lib\site-packages\django\core\files\locks.py first seen with mtime 1713848092.6307094
File C:\Users\getto\AppData\Local\Programs\Python\Python312\Lib\site-packages\django\contrib\auth\tokens.py first seen with mtime 1713848090.2856953
File C:\Users\getto\AppData\Local\Programs\Python\Python312\Lib\pickle.py first seen with mtime 1707237618.0
File C:\Users\getto\AppData\Local\Programs\Python\Python312\Lib\enum.py first seen with mtime 1707237618.0
File C:\Users\getto\AppData\Local\Programs\Python\Python312\Lib\site-packages\pika\frame.py first seen with mtime 1714066059.6996946
File C:\Users\getto\AppData\Local\Programs\Python\Python312\Lib\site-packages\django\contrib\contenttypes\fields.py first seen with mtime 1713848090.5169752
File C:\Users\getto\AppData\Local\Programs\Python\Python312\Lib\site-packages\django\db\models\lookups.py first seen with mtime 1713848092.7799485
File C:\Users\getto\AppData\Local\Programs\Python\Python312\Lib\site-packages\pika\validators.py first seen with mtime 1714066059.701693
File C:\Users\getto\AppData\Local\Programs\Python\Python312\DLLs\_zoneinfo.pyd first seen with mtime 1707237652.0
File C:\Users\getto\AppData\Local\Programs\Python\Python312\Lib\site-packages\_distutils_hack\__init__.py first seen with mtime 1709111907.9024067
File C:\Users\getto\AppData\Local\Programs\Python\Python312\Lib\site-packages\django\core\checks\security\base.py first seen with mtime 1713848092.6256979
File C:\Users\getto\AppData\Local\Programs\Python\Python312\Lib\email\parser.py first seen with mtime 1707237618.0
File C:\Users\getto\AppData\Local\Programs\Python\Python312\Lib\hmac.py first seen with mtime 1707237618.0
File C:\Users\getto\AppData\Local\Programs\Python\Python312\Lib\tempfile.py first seen with mtime 1707237618.0
File C:\Users\getto\AppData\Local\Programs\Python\Python312\Lib\site-packages\django\core\checks\compatibility\__init__.py first seen with mtime 1713848092.6226542
File C:\Users\getto\AppData\Local\Programs\Python\Python312\Lib\site-packages\django\contrib\contenttypes\checks.py first seen with mtime 1713848090.5167131
File C:\Users\getto\AppData\Local\Programs\Python\Python312\Lib\site-packages\django\utils\deconstruct.py first seen with mtime 1713848092.9786754
File C:\Users\getto\AppData\Local\Programs\Python\Python312\Lib\site-packages\pika\channel.py first seen with mtime 1714066059.6908982
File C:\Users\getto\AppData\Local\Programs\Python\Python312\Lib\site-packages\django\db\backends\signals.py first seen with mtime 1713848092.6996486
File C:\Users\getto\AppData\Local\Programs\Python\Python312\Lib\site-packages\django\db\backends\base\features.py first seen with mtime 1713848092.7051504
File C:\Users\getto\AppData\Local\Programs\Python\Python312\Lib\site-packages\django\db\backends\base\validation.py first seen with mtime 1713848092.7086768
File C:\Users\getto\AppData\Local\Programs\Python\Python312\Lib\site-packages\django\views\generic\__init__.py first seen with mtime 1713848093.0337079
File C:\Users\getto\AppData\Local\Programs\Python\Python312\Lib\site-packages\django\core\paginator.py first seen with mtime 1713848092.600042
File C:\Users\getto\AppData\Local\Programs\Python\Python312\Lib\site-packages\django\utils\hashable.py first seen with mtime 1713848092.9868555
File C:\Users\getto\AppData\Local\Programs\Python\Python312\Lib\platform.py first seen with mtime 1707237618.0
File C:\Users\getto\AppData\Local\Programs\Python\Python312\Lib\sqlite3\__init__.py first seen with mtime 1707237618.0
File C:\Users\getto\AppData\Local\Programs\Python\Python312\Lib\site-packages\django\core\checks\async_checks.py first seen with mtime 1713848092.6136146
File C:\Users\getto\AppData\Local\Programs\Python\Python312\Lib\site-packages\django\core\handlers\__init__.py first seen with mtime 1713848092.6429403
File C:\Users\getto\AppData\Local\Programs\Python\Python312\Lib\site-packages\django\db\backends\utils.py first seen with mtime 1713848092.7006476
File C:\Users\getto\AppData\Local\Programs\Python\Python312\Lib\site-packages\sqlparse\engine\grouping.py first seen with mtime 1713848088.2125504
File C:\Users\getto\AppData\Local\Programs\Python\Python312\Lib\site-packages\django\contrib\messages\storage\base.py first seen with mtime 1713848091.5568979
File C:\Users\getto\AppData\Local\Programs\Python\Python312\Lib\site-packages\django\core\checks\model_checks.py first seen with mtime 1713848092.618654
File C:\Users\getto\AppData\Local\Programs\Python\Python312\Lib\concurrent\futures\__init__.py first seen with mtime 1707237618.0
File C:\Users\getto\AppData\Local\Programs\Python\Python312\Lib\site-packages\django\contrib\admin\decorators.py first seen with mtime 1713848089.3639586
File C:\Users\getto\AppData\Local\Programs\Python\Python312\Lib\site-packages\django\contrib\staticfiles\management\commands\__init__.py first seen with mtime 1713848092.5899901
File C:\Users\getto\AppData\Local\Programs\Python\Python312\Lib\site-packages\django\template\context.py first seen with mtime 1713848092.9220898
File C:\Users\getto\AppData\Local\Programs\Python\Python312\Lib\asyncio\windows_events.py first seen with mtime 1707237618.0
File C:\Users\getto\AppData\Local\Programs\Python\Python312\Lib\site-packages\django\views\decorators\common.py first seen with mtime 1713848093.0267067
File C:\Users\getto\AppData\Local\Programs\Python\Python312\Lib\site-packages\django\db\backends\sqlite3\client.py first seen with mtime 1713848092.7447262
File C:\Users\getto\AppData\Local\Programs\Python\Python312\Lib\site-packages\win32\lib\pywin32_bootstrap.py first seen with mtime 1709109650.6211054
File C:\Users\getto\AppData\Local\Programs\Python\Python312\Lib\site-packages\django\contrib\auth\base_user.py first seen with mtime 1713848090.273244
File C:\Users\getto\AppData\Local\Programs\Python\Python312\Lib\wsgiref\headers.py first seen with mtime 1707237618.0
File C:\Users\getto\AppData\Local\Programs\Python\Python312\Lib\site-packages\django\db\models\sql\subqueries.py first seen with mtime 1713848092.8096998
File C:\Users\getto\AppData\Local\Programs\Python\Python312\Lib\site-packages\django\db\backends\base\creation.py first seen with mtime 1713848092.7036414
File C:\Users\getto\AppData\Local\Programs\Python\Python312\Lib\site-packages\django\contrib\contenttypes\models.py first seen with mtime 1713848090.5189507
File C:\Users\getto\AppData\Local\Programs\Python\Python312\Lib\ssl.py first seen with mtime 1707237618.0
File C:\Users\getto\AppData\Local\Programs\Python\Python312\Lib\_compat_pickle.py first seen with mtime 1707237618.0
File C:\Users\getto\AppData\Local\Programs\Python\Python312\Lib\operator.py first seen with mtime 1707237618.0
File C:\Users\getto\AppData\Local\Programs\Python\Python312\Lib\site-packages\django\core\files\move.py first seen with mtime 1713848092.6317084
File C:\Users\getto\AppData\Local\Programs\Python\Python312\Lib\site-packages\django\forms\widgets.py first seen with mtime 1713848092.8227608
File C:\Users\getto\AppData\Local\Programs\Python\Python312\Lib\site-packages\django\contrib\auth\hashers.py first seen with mtime 1713848090.279876
File C:\Users\getto\AppData\Local\Programs\Python\Python312\Lib\asyncio\base_tasks.py first seen with mtime 1707237618.0
File C:\Users\getto\AppData\Local\Programs\Python\Python312\Lib\site-packages\django\contrib\contenttypes\forms.py first seen with mtime 1713848090.517975
File C:\Users\getto\AppData\Local\Programs\Python\Python312\Lib\asyncio\constants.py first seen with mtime 1707237618.0
File C:\Users\getto\AppData\Local\Programs\Python\Python312\Lib\email\iterators.py first seen with mtime 1707237618.0
File C:\Users\getto\AppData\Local\Programs\Python\Python312\Lib\site-packages\django\db\models\fields\reverse_related.py first seen with mtime 1713848092.7965899
File C:\Users\getto\AppData\Local\Programs\Python\Python312\Lib\site-packages\django\db\backends\base\client.py first seen with mtime 1713848092.7026477
File C:\Users\getto\AppData\Local\Programs\Python\Python312\Lib\site-packages\django\template\defaultfilters.py first seen with mtime 1713848092.9240913
File C:\Users\getto\AppData\Local\Programs\Python\Python312\Lib\quopri.py first seen with mtime 1707237618.0
File C:\Users\getto\AppData\Local\Programs\Python\Python312\Lib\site-packages\django\db\models\manager.py first seen with mtime 1713848092.7809532
File C:\Users\getto\AppData\Local\Programs\Python\Python312\Lib\asyncio\base_futures.py first seen with mtime 1707237618.0
File C:\Users\getto\AppData\Local\Programs\Python\Python312\Lib\site-packages\django\contrib\auth\forms.py first seen with mtime 1713848090.2788763
File C:\Users\getto\AppData\Local\Programs\Python\Python312\Lib\urllib\error.py first seen with mtime 1707237618.0
File C:\Users\getto\AppData\Local\Programs\Python\Python312\Lib\site-packages\django\core\files\base.py first seen with mtime 1713848092.62871
File C:\Users\getto\AppData\Local\Programs\Python\Python312\Lib\site-packages\django\utils\lorem_ipsum.py first seen with mtime 1713848092.9938443
File C:\Users\getto\AppData\Local\Programs\Python\Python312\Lib\site-packages\django\contrib\auth\checks.py first seen with mtime 1713848090.2757993
File C:\Users\getto\AppData\Local\Programs\Python\Python312\Lib\email\mime\base.py first seen with mtime 1707237618.0
File C:\Users\getto\AppData\Local\Programs\Python\Python312\Lib\site-packages\django\core\checks\messages.py first seen with mtime 1713848092.6176546
File C:\Users\getto\AppData\Local\Programs\Python\Python312\Lib\site-packages\django\db\migrations\state.py first seen with mtime 1713848092.763792
File C:\Users\getto\AppData\Local\Programs\Python\Python312\Lib\dis.py first seen with mtime 1707237618.0
File C:\Users\getto\AppData\Local\Programs\Python\Python312\Lib\site-packages\django\core\wsgi.py first seen with mtime 1713848092.6035454
File C:\Users\getto\AppData\Local\Programs\Python\Python312\DLLs\_wmi.pyd first seen with mtime 1707237652.0
File C:\Users\getto\AppData\Local\Programs\Python\Python312\Lib\site-packages\django\utils\__init__.py first seen with mtime 1713848092.9659255
File C:\Users\getto\AppData\Local\Programs\Python\Python312\Lib\site-packages\pika\delivery_mode.py first seen with mtime 1714066059.6966994
File C:\Users\getto\AppData\Local\Programs\Python\Python312\Lib\asyncio\tasks.py first seen with mtime 1707237618.0
File C:\Users\getto\AppData\Local\Programs\Python\Python312\Lib\site-packages\pika\amqp_object.py first seen with mtime 1714066059.687899
File C:\Users\getto\AppData\Local\Programs\Python\Python312\Lib\urllib\request.py first seen with mtime 1707237618.0
File C:\Users\getto\AppData\Local\Programs\Python\Python312\Lib\asyncio\proactor_events.py first seen with mtime 1707237618.0
File C:\Users\getto\AppData\Local\Programs\Python\Python312\Lib\site-packages\django\forms\utils.py first seen with mtime 1713848092.8217616
File C:\Users\getto\AppData\Local\Programs\Python\Python312\Lib\zoneinfo\__init__.py first seen with mtime 1707237618.0
File C:\Users\getto\AppData\Local\Programs\Python\Python312\Lib\site-packages\django\views\generic\list.py first seen with mtime 1713848093.0380173
File C:\Users\getto\AppData\Local\Programs\Python\Python312\Lib\site-packages\django\db\models\sql\datastructures.py first seen with mtime 1713848092.806705
File C:\Users\getto\AppData\Local\Programs\Python\Python312\Lib\site-packages\django\core\signing.py first seen with mtime 1713848092.6010404
File C:\Users\getto\AppData\Local\Programs\Python\Python312\Lib\site-packages\django\views\generic\detail.py first seen with mtime 1713848093.036824
File C:\Users\getto\AppData\Local\Programs\Python\Python312\Lib\site-packages\django\contrib\staticfiles\finders.py first seen with mtime 1713848092.5828557
File C:\Users\getto\AppData\Local\Programs\Python\Python312\DLLs\_ctypes.pyd first seen with mtime 1707237654.0
File C:\Users\getto\AppData\Local\Programs\Python\Python312\Lib\html\parser.py first seen with mtime 1707237618.0
File C:\Users\getto\AppData\Local\Programs\Python\Python312\DLLs\_lzma.pyd first seen with mtime 1707237652.0
File C:\Users\getto\AppData\Local\Programs\Python\Python312\Lib\site-packages\django\contrib\messages\api.py first seen with mtime 1713848091.5468225
File C:\Users\getto\AppData\Local\Programs\Python\Python312\Lib\site-packages\pika\diagnostic_utils.py first seen with mtime 1714066059.6976974
File C:\Users\getto\AppData\Local\Programs\Python\Python312\Lib\email\header.py first seen with mtime 1707237618.0
File C:\Users\getto\AppData\Local\Programs\Python\Python312\Lib\site-packages\django\utils\dateparse.py first seen with mtime 1713848092.976688
File C:\Users\getto\AppData\Local\Programs\Python\Python312\Lib\site-packages\django\contrib\admin\utils.py first seen with mtime 1713848089.3739767
File C:\Users\getto\AppData\Local\Programs\Python\Python312\Lib\_weakrefset.py first seen with mtime 1707237618.0
File C:\Users\getto\AppData\Local\Programs\Python\Python312\Lib\site-packages\django\db\backends\base\schema.py first seen with mtime 1713848092.7086768
File C:\Users\getto\AppData\Local\Programs\Python\Python312\Lib\site-packages\django\views\decorators\debug.py first seen with mtime 1713848093.0287037
File C:\Users\getto\AppData\Local\Programs\Python\Python312\Lib\base64.py first seen with mtime 1707237618.0
File C:\Users\getto\AppData\Local\Programs\Python\Python312\Lib\site-packages\django\contrib\auth\apps.py first seen with mtime 1713848090.2722335
File C:\Users\getto\AppData\Local\Programs\Python\Python312\Lib\site-packages\django\utils\log.py first seen with mtime 1713848092.9928522
File C:\Users\getto\AppData\Local\Programs\Python\Python312\Lib\site-packages\django\db\models\enums.py first seen with mtime 1713848092.7769377
File C:\Users\getto\AppData\Local\Programs\Python\Python312\Lib\site-packages\django\utils\html.py first seen with mtime 1713848092.9868555
File C:\Users\getto\AppData\Local\Programs\Python\Python312\Lib\copyreg.py first seen with mtime 1707237618.0
File C:\Users\getto\AppData\Local\Programs\Python\Python312\Lib\site-packages\django\utils\itercompat.py first seen with mtime 1713848092.9908435
File C:\Users\getto\AppData\Local\Programs\Python\Python312\Lib\email\quoprimime.py first seen with mtime 1707237618.0
File C:\Users\getto\AppData\Local\Programs\Python\Python312\Lib\random.py first seen with mtime 1707237618.0
File C:\Users\getto\AppData\Local\Programs\Python\Python312\Lib\site-packages\sqlparse\filters\others.py first seen with mtime 1713848088.2167559
File C:\Users\getto\AppData\Local\Programs\Python\Python312\Lib\site-packages\django\contrib\staticfiles\handlers.py first seen with mtime 1713848092.5828557
File C:\Users\getto\AppData\Local\Programs\Python\Python312\Lib\logging\__init__.py first seen with mtime 1707237618.0
File C:\Users\getto\AppData\Local\Programs\Python\Python312\Lib\site-packages\pika\adapters\__init__.py first seen with mtime 1714066059.7026966
File C:\Users\getto\AppData\Local\Programs\Python\Python312\Lib\site-packages\django\core\files\storage\filesystem.py first seen with mtime 1713848092.6389463
File C:\Users\getto\AppData\Local\Programs\Python\Python312\Lib\site-packages\pika\__init__.py first seen with mtime 1714066059.6868968
File C:\Users\getto\AppData\Local\Programs\Python\Python312\Lib\threading.py first seen with mtime 1707237618.0
File C:\Users\getto\AppData\Local\Programs\Python\Python312\Lib\site-packages\django\core\mail\message.py first seen with mtime 1713848092.647973
File C:\Users\getto\AppData\Local\Programs\Python\Python312\Lib\site-packages\django\templatetags\i18n.py first seen with mtime 1713848092.946665
File C:\Users\getto\AppData\Local\Programs\Python\Python312\Lib\site-packages\django\urls\converters.py first seen with mtime 1713848092.9623857
File C:\Users\getto\AppData\Local\Programs\Python\Python312\Lib\email\message.py first seen with mtime 1707237618.0
File C:\Users\getto\AppData\Local\Programs\Python\Python312\Lib\site-packages\django\contrib\sites\shortcuts.py first seen with mtime 1713848092.2968552
File C:\Users\getto\AppData\Local\Programs\Python\Python312\Lib\site-packages\django\db\models\base.py first seen with mtime 1713848092.773347
File C:\Users\getto\AppData\Local\Programs\Python\Python312\Lib\site-packages\django\utils\connection.py first seen with mtime 1713848092.9731576
File C:\Users\getto\AppData\Local\Programs\Python\Python312\Lib\mimetypes.py first seen with mtime 1707237618.0
File C:\Users\getto\AppData\Local\Programs\Python\Python312\Lib\selectors.py first seen with mtime 1707237618.0
File C:\Users\getto\AppData\Local\Programs\Python\Python312\Lib\sysconfig.py first seen with mtime 1707237618.0
File C:\Users\getto\AppData\Local\Programs\Python\Python312\Lib\contextvars.py first seen with mtime 1707237618.0
File C:\Users\getto\AppData\Local\Programs\Python\Python312\Lib\site-packages\django\contrib\auth\models.py first seen with mtime 1713848090.2829883
File C:\Users\getto\AppData\Local\Programs\Python\Python312\Lib\site-packages\django\utils\translation\__init__.py first seen with mtime 1713848093.0085175
File C:\Users\getto\AppData\Local\Programs\Python\Python312\Lib\keyword.py first seen with mtime 1707237618.0
File C:\Users\getto\AppData\Local\Programs\Python\Python312\Lib\site-packages\django\core\checks\compatibility\django_4_0.py first seen with mtime 1713848092.6236546
File C:\Users\getto\AppData\Local\Programs\Python\Python312\Lib\multiprocessing\process.py first seen with mtime 1707237618.0
File C:\Users\getto\OneDrive\Desktop\CompSci Tech_INTERN\CompSciTech_INTERN\calcy_final\calculator\producer.py first seen with mtime 1715367936.2390602
File C:\Users\getto\AppData\Local\Programs\Python\Python312\Lib\asyncio\transports.py first seen with mtime 1707237618.0
File C:\Users\getto\AppData\Local\Programs\Python\Python312\Lib\site-packages\sqlparse\engine\statement_splitter.py first seen with mtime 1713848088.2135508
File C:\Users\getto\AppData\Local\Programs\Python\Python312\Lib\site-packages\django\views\generic\edit.py first seen with mtime 1713848093.0369835
File C:\Users\getto\AppData\Local\Programs\Python\Python312\Lib\asyncio\protocols.py first seen with mtime 1707237618.0
File C:\Users\getto\AppData\Local\Programs\Python\Python312\Lib\socketserver.py first seen with mtime 1707237618.0
File C:\Users\getto\AppData\Local\Programs\Python\Python312\Lib\ctypes\_endian.py first seen with mtime 1707237618.0
File C:\Users\getto\AppData\Local\Programs\Python\Python312\Lib\site-packages\django\core\files\storage\base.py first seen with mtime 1713848092.6379433
File C:\Users\getto\AppData\Local\Programs\Python\Python312\Lib\fnmatch.py first seen with mtime 1707237618.0
File C:\Users\getto\AppData\Local\Programs\Python\Python312\Lib\site-packages\django\utils\timezone.py first seen with mtime 1713848093.0024486
File C:\Users\getto\AppData\Local\Programs\Python\Python312\Lib\site-packages\django\db\backends\sqlite3\introspection.py first seen with mtime 1713848092.7477565
File C:\Users\getto\AppData\Local\Programs\Python\Python312\Lib\asyncio\coroutines.py first seen with mtime 1707237618.0
File C:\Users\getto\AppData\Local\Programs\Python\Python312\Lib\site-packages\django\db\models\sql\where.py first seen with mtime 1713848092.8107004
File C:\Users\getto\AppData\Local\Programs\Python\Python312\Lib\site-packages\django\conf\__init__.py first seen with mtime 1713848088.828218
File C:\Users\getto\AppData\Local\Programs\Python\Python312\Lib\site-packages\django\core\serializers\python.py first seen with mtime 1713848092.6906073
File C:\Users\getto\AppData\Local\Programs\Python\Python312\Lib\logging\config.py first seen with mtime 1707237618.0
File C:\Users\getto\AppData\Local\Programs\Python\Python312\Lib\ctypes\wintypes.py first seen with mtime 1707237618.0
File C:\Users\getto\AppData\Local\Programs\Python\Python312\Lib\site-packages\django\db\models\deletion.py first seen with mtime 1713848092.7769377
File C:\Users\getto\AppData\Local\Programs\Python\Python312\Lib\site-packages\django\apps\registry.py first seen with mtime 1713848088.8272312
File C:\Users\getto\AppData\Local\Programs\Python\Python312\Lib\asyncio\mixins.py first seen with mtime 1707237618.0
File C:\Users\getto\AppData\Local\Programs\Python\Python312\Lib\site-packages\django\db\models\fields\related_descriptors.py first seen with mtime 1713848092.7935607
File C:\Users\getto\AppData\Local\Programs\Python\Python312\Lib\site-packages\django\contrib\auth\signals.py first seen with mtime 1713848090.285004
File C:\Users\getto\AppData\Local\Programs\Python\Python312\Lib\site-packages\django\db\migrations\migration.py first seen with mtime 1713848092.7577896
File C:\Users\getto\AppData\Local\Programs\Python\Python312\Lib\site-packages\django\db\backends\sqlite3\base.py first seen with mtime 1713848092.743727
File C:\Users\getto\AppData\Local\Programs\Python\Python312\Lib\site-packages\django\contrib\contenttypes\management\__init__.py first seen with mtime 1713848090.7524347
File C:\Users\getto\AppData\Local\Programs\Python\Python312\Lib\site-packages\django\contrib\admin\templatetags\admin_list.py first seen with mtime 1713848090.018839
File C:\Users\getto\AppData\Local\Programs\Python\Python312\Lib\site-packages\django\template\loaders\base.py first seen with mtime 1713848092.9416356
File C:\Users\getto\AppData\Local\Programs\Python\Python312\Lib\stringprep.py first seen with mtime 1707237618.0
File C:\Users\getto\AppData\Local\Programs\Python\Python312\Lib\uuid.py first seen with mtime 1707237618.0
File C:\Users\getto\AppData\Local\Programs\Python\Python312\Lib\site-packages\django\utils\functional.py first seen with mtime 1713848092.9858313
File C:\Users\getto\AppData\Local\Programs\Python\Python312\Lib\asyncio\trsock.py first seen with mtime 1707237618.0
File C:\Users\getto\AppData\Local\Programs\Python\Python312\Lib\email\__init__.py first seen with mtime 1707237618.0
File C:\Users\getto\AppData\Local\Programs\Python\Python312\Lib\email\generator.py first seen with mtime 1707237618.0
File C:\Users\getto\AppData\Local\Programs\Python\Python312\Lib\asyncio\selector_events.py first seen with mtime 1707237618.0
File C:\Users\getto\AppData\Local\Programs\Python\Python312\Lib\site-packages\django\core\cache\backends\__init__.py first seen with mtime 1713848092.6060674
File C:\Users\getto\AppData\Local\Programs\Python\Python312\Lib\site-packages\django\contrib\admin\views\__init__.py first seen with mtime 1713848090.0238378
File C:\Users\getto\AppData\Local\Programs\Python\Python312\Lib\site-packages\colorama\initialise.py first seen with mtime 1709109661.1790574
File C:\Users\getto\AppData\Local\Programs\Python\Python312\Lib\site-packages\django\contrib\auth\password_validation.py first seen with mtime 1713848090.284027
File C:\Users\getto\AppData\Local\Programs\Python\Python312\Lib\queue.py first seen with mtime 1707237618.0
File C:\Users\getto\AppData\Local\Programs\Python\Python312\Lib\lzma.py first seen with mtime 1707237618.0
File C:\Users\getto\AppData\Local\Programs\Python\Python312\Lib\site-packages\django\db\models\fields\json.py first seen with mtime 1713848092.7900395
File C:\Users\getto\AppData\Local\Programs\Python\Python312\Lib\site-packages\pika\spec.py first seen with mtime 1714066059.700695
File C:\Users\getto\AppData\Local\Programs\Python\Python312\Lib\site-packages\django\contrib\admin\filters.py first seen with mtime 1713848089.3669806
File C:\Users\getto\AppData\Local\Programs\Python\Python312\Lib\site-packages\django\core\checks\urls.py first seen with mtime 1713848092.6216538
File C:\Users\getto\AppData\Local\Programs\Python\Python312\Lib\site-packages\django\views\static.py first seen with mtime 1713848093.021633
File C:\Users\getto\AppData\Local\Programs\Python\Python312\Lib\site-packages\asgiref\current_thread_executor.py first seen with mtime 1713848088.654843
File C:\Users\getto\AppData\Local\Programs\Python\Python312\Lib\site-packages\django\contrib\contenttypes\apps.py first seen with mtime 1713848090.515939
File C:\Users\getto\AppData\Local\Programs\Python\Python312\Lib\site-packages\django\utils\asyncio.py first seen with mtime 1713848092.9691682
File C:\Users\getto\AppData\Local\Programs\Python\Python312\Lib\site-packages\django\template\loaders\app_directories.py first seen with mtime 1713848092.940637
File C:\Users\getto\AppData\Local\Programs\Python\Python312\Lib\site-packages\django\templatetags\cache.py first seen with mtime 1713848092.9464507
File C:\Users\getto\AppData\Local\Programs\Python\Python312\Lib\asyncio\streams.py first seen with mtime 1707237618.0
File C:\Users\getto\AppData\Local\Programs\Python\Python312\Lib\site-packages\django\db\models\fields\generated.py first seen with mtime 1713848092.7890372
File C:\Users\getto\AppData\Local\Programs\Python\Python312\Lib\site-packages\django\template\defaulttags.py first seen with mtime 1713848092.925596
File C:\Users\getto\AppData\Local\Programs\Python\Python312\Lib\asyncio\taskgroups.py first seen with mtime 1707237618.0
File C:\Users\getto\AppData\Local\Programs\Python\Python312\Lib\site-packages\django\template\loaders\filesystem.py first seen with mtime 1713848092.943636
File C:\Users\getto\AppData\Local\Programs\Python\Python312\Lib\site-packages\django\urls\exceptions.py first seen with mtime 1713848092.9633722
File C:\Users\getto\AppData\Local\Programs\Python\Python312\Lib\site-packages\django\template\__init__.py first seen with mtime 1713848092.91809
File C:\Users\getto\AppData\Local\Programs\Python\Python312\Lib\encodings\__init__.py first seen with mtime 1707237618.0
File C:\Users\getto\AppData\Local\Programs\Python\Python312\Lib\site-packages\django\db\models\sql\__init__.py first seen with mtime 1713848092.803666
File C:\Users\getto\AppData\Local\Programs\Python\Python312\Lib\site-packages\django\core\files\storage\__init__.py first seen with mtime 1713848092.6369395
File C:\Users\getto\AppData\Local\Programs\Python\Python312\Lib\site-packages\pika\compat.py first seen with mtime 1714066059.691903
File C:\Users\getto\AppData\Local\Programs\Python\Python312\Lib\email\encoders.py first seen with mtime 1707237618.0
File C:\Users\getto\AppData\Local\Programs\Python\Python312\Lib\site-packages\pika\adapters\base_connection.py first seen with mtime 1714066059.703698
File C:\Users\getto\AppData\Local\Programs\Python\Python312\Lib\http\__init__.py first seen with mtime 1707237618.0
File C:\Users\getto\AppData\Local\Programs\Python\Python312\Lib\site-packages\django\core\files\temp.py first seen with mtime 1713848092.6327124
File C:\Users\getto\AppData\Local\Programs\Python\Python312\Lib\site-packages\django\views\i18n.py first seen with mtime 1713848093.0206368
File C:\Users\getto\AppData\Local\Programs\Python\Python312\Lib\site-packages\django\contrib\messages\utils.py first seen with mtime 1713848091.5538301
File C:\Users\getto\AppData\Local\Programs\Python\Python312\Lib\site-packages\django\db\migrations\__init__.py first seen with mtime 1713848092.7517624
File C:\Users\getto\AppData\Local\Programs\Python\Python312\Lib\site-packages\django\utils\ipv6.py first seen with mtime 1713848092.9898405
File C:\Users\getto\OneDrive\Desktop\CompSci Tech_INTERN\CompSciTech_INTERN\calcy_final\manage.py first seen with mtime 1714992097.4074407
File C:\Users\getto\AppData\Local\Programs\Python\Python312\Lib\wsgiref\util.py first seen with mtime 1707237618.0
File C:\Users\getto\AppData\Local\Programs\Python\Python312\Lib\re\_compiler.py first seen with mtime 1707237618.0
File C:\Users\getto\AppData\Local\Programs\Python\Python312\Lib\site-packages\django\contrib\admin\views\main.py first seen with mtime 1713848090.0270045
File C:\Users\getto\AppData\Local\Programs\Python\Python312\Lib\site-packages\django\utils\text.py first seen with mtime 1713848092.9994512
File C:\Users\getto\AppData\Local\Programs\Python\Python312\Lib\site-packages\django\contrib\staticfiles\apps.py first seen with mtime 1713848092.58085
File C:\Users\getto\AppData\Local\Programs\Python\Python312\Lib\site-packages\django\forms\models.py first seen with mtime 1713848092.819762
File C:\Users\getto\AppData\Local\Programs\Python\Python312\Lib\difflib.py first seen with mtime 1707237618.0
File C:\Users\getto\AppData\Local\Programs\Python\Python312\Lib\site-packages\django\forms\forms.py first seen with mtime 1713848092.817766
File C:\Users\getto\AppData\Local\Programs\Python\Python312\Lib\site-packages\django\contrib\sessions\base_session.py first seen with mtime 1713848092.0547922
File C:\Users\getto\OneDrive\Desktop\CompSci Tech_INTERN\CompSciTech_INTERN\calcy_final\calculator\models.py first seen with mtime 1714992153.5626812
File C:\Users\getto\AppData\Local\Programs\Python\Python312\Lib\site-packages\sqlparse\__init__.py first seen with mtime 1713848088.1985185
File C:\Users\getto\AppData\Local\Programs\Python\Python312\Lib\email\_header_value_parser.py first seen with mtime 1707237618.0
File C:\Users\getto\AppData\Local\Programs\Python\Python312\Lib\statistics.py first seen with mtime 1707237618.0
File C:\Users\getto\AppData\Local\Programs\Python\Python312\Lib\email\headerregistry.py first seen with mtime 1707237618.0
File C:\Users\getto\AppData\Local\Programs\Python\Python312\Lib\site-packages\django\db\backends\base\operations.py first seen with mtime 1713848092.7066793
File C:\Users\getto\AppData\Local\Programs\Python\Python312\Lib\site-packages\django\utils\tree.py first seen with mtime 1713848093.0034597
File C:\Users\getto\AppData\Local\Programs\Python\Python312\Lib\contextlib.py first seen with mtime 1707237618.0
File C:\Users\getto\AppData\Local\Programs\Python\Python312\Lib\email\mime\multipart.py first seen with mtime 1707237618.0
File C:\Users\getto\AppData\Local\Programs\Python\Python312\Lib\site-packages\django\db\models\fields\__init__.py first seen with mtime 1713848092.7870383
File C:\Users\getto\AppData\Local\Programs\Python\Python312\Lib\site-packages\pika\credentials.py first seen with mtime 1714066059.694699
File C:\Users\getto\AppData\Local\Programs\Python\Python312\Lib\site-packages\django\db\backends\sqlite3\creation.py first seen with mtime 1713848092.745745
File C:\Users\getto\AppData\Local\Programs\Python\Python312\Lib\encodings\cp1252.py first seen with mtime 1707237618.0
File C:\Users\getto\AppData\Local\Programs\Python\Python312\Lib\site-packages\django\db\models\fields\mixins.py first seen with mtime 1713848092.791041
File C:\Users\getto\AppData\Local\Programs\Python\Python312\Lib\asyncio\exceptions.py first seen with mtime 1707237618.0
File C:\Users\getto\OneDrive\Desktop\CompSci Tech_INTERN\CompSciTech_INTERN\calcy_final\templates\index.html first seen with mtime 1715025467.9834569
File C:\Users\getto\OneDrive\Desktop\CompSci Tech_INTERN\CompSciTech_INTERN\calcy_final\calculator\consumer.py first seen with mtime 1715367964.7832816
File C:\Users\getto\OneDrive\Desktop\CompSci Tech_INTERN\CompSciTech_INTERN\calcy_final\calculator\consumer.py previous mtime: 1715367964.7832816, current mtime: 1715368015.4254408
C:\Users\getto\OneDrive\Desktop\CompSci Tech_INTERN\CompSciTech_INTERN\calcy_final\calculator\consumer.py notified as changed. Signal results: [(<function template_changed at 0x000001E4ADD4FF60>, None), (<function translation_file_changed at 0x000001E4AEE67D80>, None)].
C:\Users\getto\OneDrive\Desktop\CompSci Tech_INTERN\CompSciTech_INTERN\calcy_final\calculator\consumer.py changed, reloading.
Watching for file changes with StatReloader
Waiting for apps ready_event.
2024-05-11 00:38:15,637 - django.utils.autoreload - INFO - Watching for file changes with StatReloader
2024-05-11 00:38:15,638 - django.utils.autoreload - DEBUG - Waiting for apps ready_event.
2024-05-11 00:44:54,061 - django.utils.autoreload - INFO - Watching for file changes with StatReloader
2024-05-11 00:44:54,062 - django.utils.autoreload - DEBUG - Waiting for apps ready_event.
2024-05-11 01:23:35,638 - django.utils.autoreload - INFO - Watching for file changes with StatReloader
2024-05-11 01:23:35,639 - django.utils.autoreload - DEBUG - Waiting for apps ready_event.
